[termux.ga/index.html]
[backblue.gif]
[fade.gif]
[index.html]
[image.flaticon.com/icons/png/512/1059/1059635.png]
[d3b4n3yyoc8n59.cloudfront.net/f2c99cbbaa/compiled/photo-swipe.css]
[d282ykz6vx01th.cloudfront.net/ec/7d/ec7dfeab-d8d7-4c12-9622-9d243f92accc.css]
[d2f0ora2gkri0g.cloudfront.net/50/76/5076ee09-bf9f-4371-a929-096358ed0674.gif]
[d2f0ora2gkri0g.cloudfront.net/14/ad/14ad9d9e-f55f-49c1-b85a-169616a800e6.png]
[d2f0ora2gkri0g.cloudfront.net/8f/38/8f3830a9-062b-4e34-9d16-4eb0f6c5e859.jpg]
[d2f0ora2gkri0g.cloudfront.net/df/7f/df7f6f9a-42a7-4e5d-8018-46df8f582cb9.jpg]
[d2f0ora2gkri0g.cloudfront.net/03/ab/03ab1d74-8505-4145-845b-faf4acab0419.jpg]
[d2f0ora2gkri0g.cloudfront.net/d8/0d/d80dfb31-ef61-4020-83be-a329ea74f996.jpg]
[d2f0ora2gkri0g.cloudfront.net/98/4d/984d5bf7-ec95-44f7-95ba-83840920836c.jpg]
[d2f0ora2gkri0g.cloudfront.net/cf/4b/cf4b8cf5-fa77-46ab-9a94-013ec15f1153.jpg]
[d2f0ora2gkri0g.cloudfront.net/0a/5e/0a5e07d9-001e-48a6-bc4c-c1c745b4b929.jpg]
[d2f0ora2gkri0g.cloudfront.net/8b/ce/8bce1061-4b8c-443a-9c8c-d293aa6476ba.jpg]
[d2f0ora2gkri0g.cloudfront.net/f0/cb/f0cbe5f5-2ce0-4b86-abb0-12226f51eccc.jpg]
[d2f0ora2gkri0g.cloudfront.net/99/53/9953f549-bb9e-4994-bbbc-9d3b0307062d.jpg]
[d2f0ora2gkri0g.cloudfront.net/e9/53/e953d658-dfd2-4419-8d2a-aabf17aaabe6.jpg]
[d2f0ora2gkri0g.cloudfront.net/d1/26/d126a380-8d99-4f8e-96e0-f5e2765bb697.jpg]
[d2f0ora2gkri0g.cloudfront.net/11/07/11072a37-812f-499f-92d0-ad171297dae0.jpg]
[d2f0ora2gkri0g.cloudfront.net/11/64/116424d6-44fb-4b6a-a697-a86920a501cb.jpg]
[d2f0ora2gkri0g.cloudfront.net/2b/7d/2b7deb43-d9fb-4860-b299-3f608da63bde.jpg]
[d2f0ora2gkri0g.cloudfront.net/37/71/377160e5-9e69-4898-996e-5ecae07cbb68.jpg]
[d2f0ora2gkri0g.cloudfront.net/1d/be/1dbea26d-18ec-4225-96ac-ccc172dfe18c.jpg]
[d2f0ora2gkri0g.cloudfront.net/da/42/da423054-b784-429b-8f53-e80ec8bb9905.jpg]
[d2f0ora2gkri0g.cloudfront.net/44/84/4484087a-6da4-4378-aba8-1c16c96cb874.png]
[d3b4n3yyoc8n59.cloudfront.net/f53098d/en/translations2dab.js]
[d3b4n3yyoc8n59.cloudfront.net/f2c99cbbaa/compiled/published-v8-site-libs.js]
[d3b4n3yyoc8n59.cloudfront.net/f2c99cbbaa/compiled/twig-widget-views-v1.js]
[termux.ga/GET.2b.delayed]
[ajax.googleapis.com/ajax/libs/jquery/2.2.4/jquery.min.js]
[termux.ga/index.html]
[d282ykz6vx01th.cloudfront.net/ec/7d/ec7dfeab-d8d7-4c12-9622-9d243f92accc.css]
[d3b4n3yyoc8n59.cloudfront.net/f2c99cbbaa/compiled/photo-swipe.css]
[d2f0ora2gkri0g.cloudfront.net/be/1f/be1f8d96-141a-4a48-8874-97a33873f258.jpg]
[d2f0ora2gkri0g.cloudfront.net/d8/18/d81832d9-cd04-467e-af46-2822fea3b2f1.jpg]
[d2f0ora2gkri0g.cloudfront.net/c6/47/c6479e00-1950-4a96-9789-7f809518be61.jpg]
[d2f0ora2gkri0g.cloudfront.net/6b/1c/6b1c3ba7-fcd0-4879-97ae-e37b2f76eb99.jpg]
[d2f0ora2gkri0g.cloudfront.net/df/2a/df2ae5cf-1f91-4825-9043-60b13108d779.jpg]
[d2f0ora2gkri0g.cloudfront.net/53/88/5388b72b-2973-4f45-97b4-202e38e18a98.jpg]
[d3b4n3yyoc8n59.cloudfront.net/f2c99cbbaa/compiled/published-v8-site.js]
[termux.ga/GET.html]
[d3b4n3yyoc8n59.cloudfront.net/f2c99cbbaa/templates/yelaudio/js/mq4-hover-shim.js]
[d2f0ora2gkri0g.cloudfront.net/73/08/7308208e-f906-4928-9f26-34e7c77aef48.jpg]
[d2f0ora2gkri0g.cloudfront.net/33/95/3395b2bb-a043-4a3c-a595-4d34f9df9a18.png]
[d2f0ora2gkri0g.cloudfront.net/bd/dd/bdddeec2-6b65-414e-a384-dc448815323d.png]
[d2f0ora2gkri0g.cloudfront.net/26/b8/26b89e06-e276-4c10-a923-7e82dc701b8c.jpg]
[d2f0ora2gkri0g.cloudfront.net/7d/d9/7dd9fb84-8873-40cf-a272-e1b4477875fe.jpg]
[d2f0ora2gkri0g.cloudfront.net/cb/60/cb601c8b-9a9e-465e-8703-3a85c1564855.jpg]
[d2f0ora2gkri0g.cloudfront.net/11/5b/115bba76-6ad0-4fe3-beda-08015faddef8.jpg]
[d2f0ora2gkri0g.cloudfront.net/69/11/69119d8c-9c49-4c0b-affc-ff1ffe7e29b9.jpg]
[d2f0ora2gkri0g.cloudfront.net/81/e2/81e28d64-fd4d-4d69-86b9-ce99456d304d.png]
